<?xml version="1.0" encoding="UTF-8"?>
<coverage generated="1733216361">
  <project timestamp="1733216361">
    <file name="/home/runner/work/data-bridge-io/data-bridge-io/src/Configurable.php">
      <metrics loc="11" ncloc="11" classes="0" methods="0" coveredmethods="0" conditionals="0" coveredconditionals="0" statements="0" coveredstatements="0" elements="0" coveredelements="0"/>
    </file>
    <package name="Panakour\DataBridgeIo">
      <file name="/home/runner/work/data-bridge-io/data-bridge-io/src/ConfigurableTrait.php">
        <class name="Panakour\DataBridgeIo\ConfigurableTrait" namespace="Panakour\DataBridgeIo">
          <metrics complexity="2" methods="2" coveredmethods="2" conditionals="0" coveredconditionals="0" statements="2" coveredstatements="2" elements="4" coveredelements="4"/>
        </class>
        <line num="11" type="method" name="setConfiguration" visibility="public" complexity="1" crap="1" count="2"/>
        <line num="13" type="stmt" count="2"/>
        <line num="16" type="method" name="getConfiguration" visibility="public" complexity="1" crap="1" count="1"/>
        <line num="18" type="stmt" count="1"/>
        <metrics loc="21" ncloc="21" classes="1" methods="2" coveredmethods="2" conditionals="0" coveredconditionals="0" statements="2" coveredstatements="2" elements="4" coveredelements="4"/>
      </file>
      <file name="/home/runner/work/data-bridge-io/data-bridge-io/src/Configuration.php">
        <class name="Panakour\DataBridgeIo\Configuration" namespace="Panakour\DataBridgeIo">
          <metrics complexity="3" methods="3" coveredmethods="2" conditionals="0" coveredconditionals="0" statements="3" coveredstatements="2" elements="6" coveredelements="4"/>
        </class>
        <line num="9" type="method" name="__construct" visibility="public" complexity="1" crap="1" count="2"/>
        <line num="11" type="method" name="get" visibility="public" complexity="1" crap="1" count="2"/>
        <line num="13" type="stmt" count="2"/>
        <line num="16" type="method" name="set" visibility="public" complexity="1" crap="2" count="0"/>
        <line num="18" type="stmt" count="0"/>
        <metrics loc="21" ncloc="21" classes="1" methods="3" coveredmethods="2" conditionals="0" coveredconditionals="0" statements="3" coveredstatements="2" elements="6" coveredelements="4"/>
      </file>
      <file name="/home/runner/work/data-bridge-io/data-bridge-io/src/DataBridge.php">
        <class name="Panakour\DataBridgeIo\DataBridge" namespace="Panakour\DataBridgeIo">
          <metrics complexity="10" methods="3" coveredmethods="3" conditionals="0" coveredconditionals="0" statements="15" coveredstatements="15" elements="18" coveredelements="18"/>
        </class>
        <line num="9" type="method" name="__construct" visibility="public" complexity="1" crap="1" count="4"/>
        <line num="16" type="stmt" count="4"/>
        <line num="19" type="method" name="injectConfiguration" visibility="private" complexity="5" crap="5" count="4"/>
        <line num="21" type="stmt" count="4"/>
        <line num="22" type="stmt" count="2"/>
        <line num="25" type="stmt" count="2"/>
        <line num="26" type="stmt" count="2"/>
        <line num="29" type="stmt" count="2"/>
        <line num="30" type="stmt" count="2"/>
        <line num="33" type="stmt" count="2"/>
        <line num="34" type="stmt" count="2"/>
        <line num="38" type="method" name="process" visibility="public" complexity="4" crap="4" count="4"/>
        <line num="40" type="stmt" count="4"/>
        <line num="41" type="stmt" count="4"/>
        <line num="42" type="stmt" count="4"/>
        <line num="43" type="stmt" count="2"/>
        <line num="45" type="stmt" count="4"/>
        <line num="46" type="stmt" count="4"/>
        <metrics loc="50" ncloc="50" classes="1" methods="3" coveredmethods="3" conditionals="0" coveredconditionals="0" statements="15" coveredstatements="15" elements="18" coveredelements="18"/>
      </file>
    </package>
    <file name="/home/runner/work/data-bridge-io/data-bridge-io/src/EntityDTO.php">
      <metrics loc="11" ncloc="11" classes="0" methods="0" coveredmethods="0" conditionals="0" coveredconditionals="0" statements="0" coveredstatements="0" elements="0" coveredelements="0"/>
    </file>
    <file name="/home/runner/work/data-bridge-io/data-bridge-io/src/Importer.php">
      <metrics loc="11" ncloc="11" classes="0" methods="0" coveredmethods="0" conditionals="0" coveredconditionals="0" statements="0" coveredstatements="0" elements="0" coveredelements="0"/>
    </file>
    <file name="/home/runner/work/data-bridge-io/data-bridge-io/src/Persister.php">
      <metrics loc="11" ncloc="11" classes="0" methods="0" coveredmethods="0" conditionals="0" coveredconditionals="0" statements="0" coveredstatements="0" elements="0" coveredelements="0"/>
    </file>
    <file name="/home/runner/work/data-bridge-io/data-bridge-io/src/Transformer.php">
      <metrics loc="11" ncloc="11" classes="0" methods="0" coveredmethods="0" conditionals="0" coveredconditionals="0" statements="0" coveredstatements="0" elements="0" coveredelements="0"/>
    </file>
    <file name="/home/runner/work/data-bridge-io/data-bridge-io/src/Validator.php">
      <metrics loc="9" ncloc="9" classes="0" methods="0" coveredmethods="0" conditionals="0" coveredconditionals="0" statements="0" coveredstatements="0" elements="0" coveredelements="0"/>
    </file>
    <metrics files="9" loc="156" ncloc="156" classes="3" methods="8" coveredmethods="7" conditionals="0" coveredconditionals="0" statements="20" coveredstatements="19" elements="28" coveredelements="26"/>
  </project>
</coverage>
